\BOOKMARK [0][-]{Doc-Start}{\376\377\000A\000b\000s\000t\000r\000a\000c\000t}{}% 1
\BOOKMARK [0][-]{Doc-Start}{\376\377\000A\000c\000k\000n\000o\000w\000l\000e\000d\000g\000m\000e\000n\000t\000s}{}% 2
\BOOKMARK [0][-]{Doc-Start}{\376\377\000L\000i\000s\000t\000\040\000o\000f\000\040\000F\000i\000g\000u\000r\000e\000s}{}% 3
\BOOKMARK [0][-]{Doc-Start}{\376\377\000L\000i\000s\000t\000\040\000o\000f\000\040\000T\000a\000b\000l\000e\000s}{}% 4
\BOOKMARK [0][-]{Doc-Start}{\376\377\000P\000r\000e\000f\000a\000c\000e}{}% 5
\BOOKMARK [0][-]{chapter.1}{\376\377\000S\000i\000m\000u\000l\000a\000t\000i\000o\000n\000-\000b\000a\000s\000e\000d\000\040\000E\000v\000a\000l\000u\000a\000t\000i\000o\000n\000\040\000o\000f\000\040\000A\000s\000s\000e\000s\000s\000m\000e\000n\000t\000\040\000A\000p\000p\000r\000o\000a\000c\000h\000e\000s\000\040\000f\000o\000r\000\040\000S\000i\000n\000g\000l\000e\000-\000S\000p\000e\000c\000i\000e\000s\000,\000\040\000M\000i\000x\000e\000d\000-\000s\000t\000o\000c\000k\000\040\000P\000a\000c\000i\000f\000i\000c\000\040\000S\000a\000l\000m\000o\000n\000\040\000F\000i\000s\000h\000e\000r\000i\000e\000s}{}% 6
\BOOKMARK [1][-]{section.1.1}{\376\377\000I\000n\000t\000r\000o\000d\000u\000c\000t\000i\000o\000n}{chapter.1}% 7
\BOOKMARK [1][-]{section.1.2}{\376\377\000M\000e\000t\000h\000o\000d\000s}{chapter.1}% 8
\BOOKMARK [2][-]{subsection.1.2.1}{\376\377\000R\000e\000g\000r\000e\000s\000s\000i\000o\000n\000-\000b\000a\000s\000e\000d\000\040\000m\000o\000d\000e\000l\000s}{section.1.2}% 9
\BOOKMARK [2][-]{subsection.1.2.2}{\376\377\000T\000h\000e\000\040\000f\000u\000l\000l\000\040\000s\000t\000a\000t\000e\000-\000s\000p\000a\000c\000e\000\040\000m\000o\000d\000e\000l}{section.1.2}% 10
\BOOKMARK [2][-]{subsection.1.2.3}{\376\377\000A\000l\000t\000e\000r\000n\000a\000t\000e\000\040\000s\000t\000a\000t\000e\000-\000s\000p\000a\000c\000e\000\040\000m\000o\000d\000e\000l\000s}{section.1.2}% 11
\BOOKMARK [2][-]{subsection.1.2.4}{\376\377\000A\000n\000a\000l\000y\000s\000i\000s\000\040\000o\000f\000\040\000K\000u\000s\000k\000o\000k\000w\000i\000m\000\040\000R\000i\000v\000e\000r\000\040\000s\000u\000b\000s\000t\000o\000c\000k\000\040\000d\000a\000t\000a}{section.1.2}% 12
\BOOKMARK [2][-]{subsection.1.2.5}{\376\377\000S\000i\000m\000u\000l\000a\000t\000i\000o\000n\000-\000e\000s\000t\000i\000m\000a\000t\000i\000o\000n\000\040\000a\000n\000a\000l\000y\000s\000i\000s}{section.1.2}% 13
\BOOKMARK [2][-]{subsection.1.2.6}{\376\377\000M\000e\000t\000r\000i\000c\000s\000\040\000o\000f\000\040\000m\000o\000d\000e\000l\000\040\000p\000e\000r\000f\000o\000r\000m\000a\000n\000c\000e}{section.1.2}% 14
\BOOKMARK [1][-]{section.1.3}{\376\377\000R\000e\000s\000u\000l\000t\000s}{chapter.1}% 15
\BOOKMARK [1][-]{section.1.4}{\376\377\000D\000i\000s\000c\000u\000s\000s\000i\000o\000n}{chapter.1}% 16
\BOOKMARK [0][-]{chapter.2}{\376\377\000C\000o\000n\000c\000l\000u\000s\000i\000o\000n\000s}{}% 17
\BOOKMARK [0][-]{chapter.2}{\376\377\000A\000p\000p\000e\000n\000d\000i\000x\000\040\000A}{}% 18
\BOOKMARK [1][-]{section*.1}{\376\377\000F\000o\000r\000e\000c\000a\000s\000t\000\040\000C\000r\000o\000s\000s\000-\000V\000a\000l\000i\000d\000a\000t\000i\000o\000n}{chapter.2}% 19
\BOOKMARK [1][-]{section*.7}{\376\377\000S\000l\000i\000d\000i\000n\000g\000\040\000C\000l\000i\000m\000a\000t\000e\000-\000W\000i\000n\000d\000o\000w}{chapter.2}% 20
\BOOKMARK [0][-]{section*.7}{\376\377\000B\000i\000b\000l\000i\000o\000g\000r\000a\000p\000h\000y}{}% 21
